################
## Program started at HKT 20190213 17:25:02
################
Copying blob from sacctuathkpeakdi to sacctuathkpeakdied
## Processing table: payme-dsvm-data/user_rate_app
Start Date: 2018-11-01
End day: 2019-02-01
Processing payme-dsvm-data/user_rate_app/2019-01-10/012497e7-cd1a-4ecd-8468-06b668436d2e.csv ...
Processing payme-dsvm-data/user_rate_app/2019-01-14/84721511-6c9d-43d1-9835-8373549a13fa.json ...
Processing payme-dsvm-data/user_rate_app/2019-01-15/27c2943e-f02b-44b1-870b-ad0ed0c02aaf.csv ...
Verifying blob payme-dsvm-data/user_rate_app/2019-01-10/012497e7-cd1a-4ecd-8468-06b668436d2e.csv complete copy...
Blob payme-dsvm-data/user_rate_app/2019-01-10/012497e7-cd1a-4ecd-8468-06b668436d2e.csv complete copy.
Verifying blob payme-dsvm-data/user_rate_app/2019-01-14/84721511-6c9d-43d1-9835-8373549a13fa.json complete copy...
Blob payme-dsvm-data/user_rate_app/2019-01-14/84721511-6c9d-43d1-9835-8373549a13fa.json complete copy.
Verifying blob payme-dsvm-data/user_rate_app/2019-01-15/27c2943e-f02b-44b1-870b-ad0ed0c02aaf.csv complete copy...
Blob payme-dsvm-data/user_rate_app/2019-01-15/27c2943e-f02b-44b1-870b-ad0ed0c02aaf.csv complete copy.
## Processing table: payme-dsvm-data/user_address
Start Date: 2018-11-01
End day is not provided, will extract to MAX date
Processing payme-dsvm-data/user_address/2019-01-10/930de1a0-b7f5-4451-b5fe-3a0b22b7c866.csv ...
Processing payme-dsvm-data/user_address/2019-01-14/f27de8f5-426b-4463-95e2-14e8c7787bfd.json ...
Processing payme-dsvm-data/user_address/2019-01-15/79bc28c6-42f8-4e03-babf-f19fbd7101fc.csv ...
Verifying blob payme-dsvm-data/user_address/2019-01-10/930de1a0-b7f5-4451-b5fe-3a0b22b7c866.csv complete copy...
Blob payme-dsvm-data/user_address/2019-01-10/930de1a0-b7f5-4451-b5fe-3a0b22b7c866.csv complete copy.
Verifying blob payme-dsvm-data/user_address/2019-01-14/f27de8f5-426b-4463-95e2-14e8c7787bfd.json complete copy...
Blob payme-dsvm-data/user_address/2019-01-14/f27de8f5-426b-4463-95e2-14e8c7787bfd.json complete copy.
Verifying blob payme-dsvm-data/user_address/2019-01-15/79bc28c6-42f8-4e03-babf-f19fbd7101fc.csv complete copy...
Blob payme-dsvm-data/user_address/2019-01-15/79bc28c6-42f8-4e03-babf-f19fbd7101fc.csv complete copy.
################
## All process done successfully! HKT 20190213 17:25:32
################
################
## Program started at HKT 20190213 17:29:21
################
Copying blob from sacctuathkpeakdied to sacctpresgpeakdi
Creating target container: peak-di-batches on sacctpresgpeakdi...
{
  "created": true
}
## Processing table: payme-dsvm-data/user_rate_app
Start Date: 2018-11-01
End day: 2019-02-01
Processing payme-dsvm-data/user_rate_app/2019-01-10/012497e7-cd1a-4ecd-8468-06b668436d2e.csv ...
Processing payme-dsvm-data/user_rate_app/2019-01-14/84721511-6c9d-43d1-9835-8373549a13fa.json ...
Processing payme-dsvm-data/user_rate_app/2019-01-15/27c2943e-f02b-44b1-870b-ad0ed0c02aaf.csv ...
Verifying blob payme-dsvm-data/user_rate_app/2019-01-10/012497e7-cd1a-4ecd-8468-06b668436d2e.csv complete copy...
Blob payme-dsvm-data/user_rate_app/2019-01-10/012497e7-cd1a-4ecd-8468-06b668436d2e.csv complete copy.
Removing source blob payme-dsvm-data/user_rate_app/2019-01-10/012497e7-cd1a-4ecd-8468-06b668436d2e.csv ...
Verifying blob payme-dsvm-data/user_rate_app/2019-01-14/84721511-6c9d-43d1-9835-8373549a13fa.json complete copy...
Blob payme-dsvm-data/user_rate_app/2019-01-14/84721511-6c9d-43d1-9835-8373549a13fa.json complete copy.
Removing source blob payme-dsvm-data/user_rate_app/2019-01-14/84721511-6c9d-43d1-9835-8373549a13fa.json ...
Verifying blob payme-dsvm-data/user_rate_app/2019-01-15/27c2943e-f02b-44b1-870b-ad0ed0c02aaf.csv complete copy...
Blob payme-dsvm-data/user_rate_app/2019-01-15/27c2943e-f02b-44b1-870b-ad0ed0c02aaf.csv complete copy.
Removing source blob payme-dsvm-data/user_rate_app/2019-01-15/27c2943e-f02b-44b1-870b-ad0ed0c02aaf.csv ...
## Processing table: payme-dsvm-data/user_address
Start Date: 2018-11-01
End day is not provided, will extract to MAX date
Processing payme-dsvm-data/user_address/2019-01-10/930de1a0-b7f5-4451-b5fe-3a0b22b7c866.csv ...
Processing payme-dsvm-data/user_address/2019-01-14/f27de8f5-426b-4463-95e2-14e8c7787bfd.json ...
Processing payme-dsvm-data/user_address/2019-01-15/79bc28c6-42f8-4e03-babf-f19fbd7101fc.csv ...
Verifying blob payme-dsvm-data/user_address/2019-01-10/930de1a0-b7f5-4451-b5fe-3a0b22b7c866.csv complete copy...
Blob payme-dsvm-data/user_address/2019-01-10/930de1a0-b7f5-4451-b5fe-3a0b22b7c866.csv complete copy.
Removing source blob payme-dsvm-data/user_address/2019-01-10/930de1a0-b7f5-4451-b5fe-3a0b22b7c866.csv ...
Verifying blob payme-dsvm-data/user_address/2019-01-14/f27de8f5-426b-4463-95e2-14e8c7787bfd.json complete copy...
Blob payme-dsvm-data/user_address/2019-01-14/f27de8f5-426b-4463-95e2-14e8c7787bfd.json complete copy.
Removing source blob payme-dsvm-data/user_address/2019-01-14/f27de8f5-426b-4463-95e2-14e8c7787bfd.json ...
Verifying blob payme-dsvm-data/user_address/2019-01-15/79bc28c6-42f8-4e03-babf-f19fbd7101fc.csv complete copy...
Blob payme-dsvm-data/user_address/2019-01-15/79bc28c6-42f8-4e03-babf-f19fbd7101fc.csv complete copy.
Removing source blob payme-dsvm-data/user_address/2019-01-15/79bc28c6-42f8-4e03-babf-f19fbd7101fc.csv ...
################
## All process done successfully! HKT 20190213 17:30:08
################
################
## Program started at HKT 20190213 17:35:38
################
Copying blob from sacctuathkpeakdi to sacctuathkpeakdied
## Processing table: payme-dsvm-data/user_rate_app
Start Date: 2018-11-01
End day: 2019-02-01
Processing payme-dsvm-data/user_rate_app/2019-01-10/012497e7-cd1a-4ecd-8468-06b668436d2e.csv ...
Processing payme-dsvm-data/user_rate_app/2019-01-14/84721511-6c9d-43d1-9835-8373549a13fa.json ...
Processing payme-dsvm-data/user_rate_app/2019-01-15/27c2943e-f02b-44b1-870b-ad0ed0c02aaf.csv ...
Verifying blob payme-dsvm-data/user_rate_app/2019-01-10/012497e7-cd1a-4ecd-8468-06b668436d2e.csv complete copy...
Blob payme-dsvm-data/user_rate_app/2019-01-10/012497e7-cd1a-4ecd-8468-06b668436d2e.csv complete copy.
Verifying blob payme-dsvm-data/user_rate_app/2019-01-14/84721511-6c9d-43d1-9835-8373549a13fa.json complete copy...
Blob payme-dsvm-data/user_rate_app/2019-01-14/84721511-6c9d-43d1-9835-8373549a13fa.json complete copy.
Verifying blob payme-dsvm-data/user_rate_app/2019-01-15/27c2943e-f02b-44b1-870b-ad0ed0c02aaf.csv complete copy...
Blob payme-dsvm-data/user_rate_app/2019-01-15/27c2943e-f02b-44b1-870b-ad0ed0c02aaf.csv complete copy.
## Processing table: payme-dsvm-data/user_address
Start Date: 2018-11-01
End day is not provided, will extract to MAX date
Processing payme-dsvm-data/user_address/2019-01-10/930de1a0-b7f5-4451-b5fe-3a0b22b7c866.csv ...
Processing payme-dsvm-data/user_address/2019-01-14/f27de8f5-426b-4463-95e2-14e8c7787bfd.json ...
Processing payme-dsvm-data/user_address/2019-01-15/79bc28c6-42f8-4e03-babf-f19fbd7101fc.csv ...
Verifying blob payme-dsvm-data/user_address/2019-01-10/930de1a0-b7f5-4451-b5fe-3a0b22b7c866.csv complete copy...
Blob payme-dsvm-data/user_address/2019-01-10/930de1a0-b7f5-4451-b5fe-3a0b22b7c866.csv complete copy.
Verifying blob payme-dsvm-data/user_address/2019-01-14/f27de8f5-426b-4463-95e2-14e8c7787bfd.json complete copy...
Blob payme-dsvm-data/user_address/2019-01-14/f27de8f5-426b-4463-95e2-14e8c7787bfd.json complete copy.
Verifying blob payme-dsvm-data/user_address/2019-01-15/79bc28c6-42f8-4e03-babf-f19fbd7101fc.csv complete copy...
Blob payme-dsvm-data/user_address/2019-01-15/79bc28c6-42f8-4e03-babf-f19fbd7101fc.csv complete copy.
################
## All process done successfully! HKT 20190213 17:36:09
################
################
## Program started at HKT 20190213 17:38:16
################
Copying blob from sacctuathkpeakdied to sacctpresgpeakdi
## Processing table: payme-dsvm-data/user_rate_app
Start Date: 2018-11-01
End day: 2019-02-01
Processing payme-dsvm-data/user_rate_app/2019-01-10/012497e7-cd1a-4ecd-8468-06b668436d2e.csv ...
Processing payme-dsvm-data/user_rate_app/2019-01-14/84721511-6c9d-43d1-9835-8373549a13fa.json ...
Processing payme-dsvm-data/user_rate_app/2019-01-15/27c2943e-f02b-44b1-870b-ad0ed0c02aaf.csv ...
Verifying blob payme-dsvm-data/user_rate_app/2019-01-10/012497e7-cd1a-4ecd-8468-06b668436d2e.csv complete copy...
Blob payme-dsvm-data/user_rate_app/2019-01-10/012497e7-cd1a-4ecd-8468-06b668436d2e.csv complete copy.
Removing source blob payme-dsvm-data/user_rate_app/2019-01-10/012497e7-cd1a-4ecd-8468-06b668436d2e.csv ...
Verifying blob payme-dsvm-data/user_rate_app/2019-01-14/84721511-6c9d-43d1-9835-8373549a13fa.json complete copy...
Blob payme-dsvm-data/user_rate_app/2019-01-14/84721511-6c9d-43d1-9835-8373549a13fa.json complete copy.
Removing source blob payme-dsvm-data/user_rate_app/2019-01-14/84721511-6c9d-43d1-9835-8373549a13fa.json ...
Verifying blob payme-dsvm-data/user_rate_app/2019-01-15/27c2943e-f02b-44b1-870b-ad0ed0c02aaf.csv complete copy...
Blob payme-dsvm-data/user_rate_app/2019-01-15/27c2943e-f02b-44b1-870b-ad0ed0c02aaf.csv complete copy.
Removing source blob payme-dsvm-data/user_rate_app/2019-01-15/27c2943e-f02b-44b1-870b-ad0ed0c02aaf.csv ...
## Processing table: payme-dsvm-data/user_address
Start Date: 2018-11-01
End day is not provided, will extract to MAX date
Processing payme-dsvm-data/user_address/2019-01-10/930de1a0-b7f5-4451-b5fe-3a0b22b7c866.csv ...
Processing payme-dsvm-data/user_address/2019-01-14/f27de8f5-426b-4463-95e2-14e8c7787bfd.json ...
Processing payme-dsvm-data/user_address/2019-01-15/79bc28c6-42f8-4e03-babf-f19fbd7101fc.csv ...
Verifying blob payme-dsvm-data/user_address/2019-01-10/930de1a0-b7f5-4451-b5fe-3a0b22b7c866.csv complete copy...
Blob payme-dsvm-data/user_address/2019-01-10/930de1a0-b7f5-4451-b5fe-3a0b22b7c866.csv complete copy.
Removing source blob payme-dsvm-data/user_address/2019-01-10/930de1a0-b7f5-4451-b5fe-3a0b22b7c866.csv ...
Verifying blob payme-dsvm-data/user_address/2019-01-14/f27de8f5-426b-4463-95e2-14e8c7787bfd.json complete copy...
Blob payme-dsvm-data/user_address/2019-01-14/f27de8f5-426b-4463-95e2-14e8c7787bfd.json complete copy.
Removing source blob payme-dsvm-data/user_address/2019-01-14/f27de8f5-426b-4463-95e2-14e8c7787bfd.json ...
Verifying blob payme-dsvm-data/user_address/2019-01-15/79bc28c6-42f8-4e03-babf-f19fbd7101fc.csv complete copy...
Blob payme-dsvm-data/user_address/2019-01-15/79bc28c6-42f8-4e03-babf-f19fbd7101fc.csv complete copy.
Removing source blob payme-dsvm-data/user_address/2019-01-15/79bc28c6-42f8-4e03-babf-f19fbd7101fc.csv ...
################
## All process done successfully! HKT 20190213 17:39:09
################
